#
# A fatal error has been detected by the Java Runtime Environment:
#
#  SIGSEGV (0xb) at pc=0x000000011ad193fd, pid=16048, tid=1811
#
# JRE version: Java(TM) SE Runtime Environment (8.0_31-b13) (build 1.8.0_31-b13)
# Java VM: Java HotSpot(TM) 64-Bit Server VM (25.31-b07 mixed mode bsd-amd64 compressed oops)
# Problematic frame:
# C  [libglass.dylib+0x163fd]  GlassScreenDidChangeScreenParameters+0x9d
#
# Failed to write core dump. Core dumps have been disabled. To enable core dumping, try "ulimit -c unlimited" before starting Java again
#
# If you would like to submit a bug report, please visit:
#   http://bugreport.java.com/bugreport/crash.jsp
#

---------------  T H R E A D  ---------------

Current thread is native thread

siginfo: si_signo: 11 (SIGSEGV), si_code: 1 (SEGV_MAPERR), si_addr: 0x0000000000000000

Registers:
RAX=0x000000011ad4be40, RBX=0x0000000000000000, RCX=0x7f00b576fe3a14f4, RDX=0x00007f9409f812a0
RSP=0x00007fff5c863e80, RBP=0x00007fff5c863e90, RSI=0x00007f9409e02918, RDI=0x0000000000000000
R8 =0x00007fff5c863d30, R9 =0x00007fff72485300, R10=0x0000000000000000, R11=0x0000000000000246
R12=0x00007f9409d139a0, R13=0x00000000000f4268, R14=0x00007f9409f87270, R15=0x00007fff5c863fd0
RIP=0x000000011ad193fd, EFLAGS=0x0000000000010206, ERR=0x0000000000000004
  TRAPNO=0x000000000000000e

Top of Stack: (sp=0x00007fff5c863e80)
0x00007fff5c863e80:   00007fff5c864060 00007f9409f87270
0x00007fff5c863e90:   00007fff5c863ea0 00007fff85510cdc
0x00007fff5c863ea0:   00007fff5c864200 00007fff85402244
0x00007fff5c863eb0:   00007fff5c863f00 0000000000001400
0x00007fff5c863ec0:   00007fff71299cf0 00007f9409cbace0
0x00007fff5c863ed0:   0000000000001002 00000000000008e8
0x00007fff5c863ee0:   00007f9409cbace0 00007f9409f87270
0x00007fff5c863ef0:   0000000000000000 00007fff5c863fd0
0x00007fff5c863f00:   0000000000000000 00007f9409f87230
0x00007fff5c863f10:   00007fff5c864050 000000000000005f
0x00007fff5c863f20:   00000000000f4310 00007f940c364750
0x00007fff5c863f30:   00007f9409c583b0 00007f9409d139a0
0x00007fff5c863f40:   0000000000000001 00000000000f4268
0x00007fff5c863f50:   00007f9409d13990 00007fff8d3aaacb
0x00007fff5c863f60:   0000000000000001 0000000000000001
0x00007fff5c863f70:   0000000000000030 0000000000000001
0x00007fff5c863f80:   00007fff5c863fa0 00007fff8d3b0231
0x00007fff5c863f90:   00007fff71297dd0 0000000000000000
0x00007fff5c863fa0:   00007fff5c863fc0 0000000000000006
0x00007fff5c863fb0:   000327030aaa6e00 00007f9409d139c4
0x00007fff5c863fc0:   0000000000000000 00007fff853f7d1f
0x00007fff5c863fd0:   00007f9409f87270 00007fff71297dd0
0x00007fff5c863fe0:   00007fff5c864060 00007fff8540084f
0x00007fff5c863ff0:   00007f9409d2c7f0 00007f9409f8cb60
0x00007fff5c864000:   00000001033b6a00 0000000000000002
0x00007fff5c864010:   00000001033b3000 00007f940c3d87d2
0x00007fff5c864020:   0000000000000003 00000001033b7e00
0x00007fff5c864030:   00007fff5c864120 00007fff8d3a92a2
0x00007fff5c864040:   00007f9409e1d660 00007fff5c864208
0x00007fff5c864050:   0000000000000017 0000000000000000
0x00007fff5c864060:   00000000000f4268 00007fff853f8013
0x00007fff5c864070:   00007fff00000000 00007f9409f4cd40 

Instructions: (pc=0x000000011ad193fd)
0x000000011ad193dd:   89 df 4c 89 f1 41 ff 90 68 04 00 00 48 8d 05 58
0x000000011ad193ed:   29 03 00 48 8b 30 48 8d 05 46 2a 03 00 48 8b 10
0x000000011ad193fd:   48 8b 0b 30 c0 48 89 df ff 91 68 04 00 00 48 8b
0x000000011ad1940d:   03 48 89 df ff 50 78 48 85 c0 74 36 49 89 c6 48 

Register to memory mapping:

RAX=0x000000011ad4be40: jScreenNotifySettingsChanged+0 in /Library/Java/JavaVirtualMachines/jdk1.8.0_31.jdk/Contents/Home/jre/lib/libglass.dylib at 0x000000011ad03000
RBX=0x0000000000000000 is an unknown value
RCX=0x7f00b576fe3a14f4 is an unknown value
RDX=0x00007f9409f812a0 is an unknown value
RSP=0x00007fff5c863e80 is an unknown value
RBP=0x00007fff5c863e90 is an unknown value
RSI=0x00007f9409e02918 is a global jni handle
RDI=0x0000000000000000 is an unknown value
R8 =0x00007fff5c863d30 is an unknown value
R9 =0x00007fff72485300: _thread+0 in /usr/lib/system/libsystem_pthread.dylib at 0x00007fff8ce13000
R10=0x0000000000000000 is an unknown value
R11=0x0000000000000246 is an unknown value
R12=0x00007f9409d139a0 is an unknown value
R13=0x00000000000f4268 is an unknown value
R14=0x00007f9409f87270 is an unknown value
R15=0x00007fff5c863fd0 is an unknown value


Stack: [0x00007fff5c067000,0x00007fff5c867000],  sp=0x00007fff5c863e80,  free space=8179k
Native frames: (J=compiled Java code, j=interpreted, Vv=VM code, C=native code)
C  [libglass.dylib+0x163fd]  GlassScreenDidChangeScreenParameters+0x9d
C  [CoreFoundation+0x11ecdc]  __CFNOTIFICATIONCENTER_IS_CALLING_OUT_TO_AN_OBSERVER__+0xc
C  [CoreFoundation+0x10244]  _CFXNotificationPost+0xc44
C  [Foundation+0x2c31]  -[NSNotificationCenter postNotificationName:object:userInfo:]+0x42
C  [AppKit+0x36305e]  -[NSApplication _reactToScreenInvalidationImmediately:]+0x17b
C  [AppKit+0x362e9d]  __44-[NSApplication _reactToScreenInvalidation:]_block_invoke+0x4b
C  [CoreFoundation+0x8056c]  __CFRUNLOOP_IS_CALLING_OUT_TO_A_BLOCK__+0xc
C  [CoreFoundation+0x72675]  __CFRunLoopDoBlocks+0x155
C  [CoreFoundation+0x721b6]  __CFRunLoopRun+0x716
C  [CoreFoundation+0x71858]  CFRunLoopRunSpecific+0x128
C  [java+0x56cc]  CreateExecutionEnvironment+0x367
C  [java+0x165c]  JLI_Launch+0x7a0
C  [java+0x768a]  main+0x65
C  [java+0xeb4]  start+0x34


---------------  P R O C E S S  ---------------

VM state:not at safepoint (normal execution)

VM Mutex/Monitor currently owned by a thread: None

Heap:
 PSYoungGen      total 18944K, used 8547K [0x00000007aab00000, 0x00000007ac000000, 0x00000007c0000000)
  eden space 16384K, 36% used [0x00000007aab00000,0x00000007ab0dcd98,0x00000007abb00000)
  from space 2560K, 99% used [0x00000007abb00000,0x00000007abd7c030,0x00000007abd80000)
  to   space 2560K, 0% used [0x00000007abd80000,0x00000007abd80000,0x00000007ac000000)
 ParOldGen       total 44032K, used 8759K [0x0000000780000000, 0x0000000782b00000, 0x00000007aab00000)
  object space 44032K, 19% used [0x0000000780000000,0x000000078088de28,0x0000000782b00000)
 Metaspace       used 19532K, capacity 20619K, committed 20736K, reserved 1067008K
  class space    used 2580K, capacity 2810K, committed 2816K, reserved 1048576K

Card table byte_map: [0x00000001140e8000,0x00000001142e9000] byte_map_base: 0x00000001104e8000

Marking Bits: (ParMarkBitMap*) 0x000000010469e410
 Begin Bits: [0x000000011484b000, 0x000000011584b000)
 End Bits:   [0x000000011584b000, 0x000000011684b000)

Polling page: 0x00000001035f3000

CodeCache: size=245760Kb used=8023Kb max_used=8023Kb free=237736Kb
 bounds [0x0000000104d28000, 0x0000000105508000, 0x0000000113d28000]
 total_blobs=3284 nmethods=2633 adapters=565
 compilation: enabled

Compilation events (10 events):
Event: 38.469 Thread 0x00007f940a021000 2647       3       com.sun.prism.impl.ps.BaseShaderContext::validatePaintOp (19 bytes)
Event: 38.470 Thread 0x00007f940a021000 nmethod 2647 0x00000001054fe090 code [0x00000001054fe200, 0x00000001054fe408]
Event: 39.172 Thread 0x00007f940a021000 2648   !   3       com.sun.javafx.binding.ExpressionHelper$Generic::fireValueChangedEvent (218 bytes)
Event: 39.174 Thread 0x00007f940a021000 nmethod 2648 0x00000001054fe4d0 code [0x00000001054fe700, 0x00000001054ff478]
Event: 39.181 Thread 0x00007f940a021000 2649       3       javafx.collections.ListChangeBuilder$SubChange::<init> (32 bytes)
Event: 39.181 Thread 0x00007f940a021000 nmethod 2649 0x00000001054ffcd0 code [0x00000001054ffe40, 0x0000000105500030]
Event: 39.184 Thread 0x00007f940a021000 2650       3       java.lang.invoke.LambdaForm::normalize (281 bytes)
Event: 39.186 Thread 0x00007f940a021000 nmethod 2650 0x0000000105500110 code [0x0000000105500380, 0x0000000105501858]
Event: 39.190 Thread 0x00007f940a021000 2651       3       java.nio.CharBuffer::arrayOffset (35 bytes)
Event: 39.190 Thread 0x00007f940a021000 nmethod 2651 0x0000000105502090 code [0x0000000105502220, 0x0000000105502518]

GC Heap History (6 events):
Event: 0.740 GC heap before
{Heap before GC invocations=1 (full 0):
 PSYoungGen      total 18944K, used 16384K [0x00000007aab00000, 0x00000007ac000000, 0x00000007c0000000)
  eden space 16384K, 100% used [0x00000007aab00000,0x00000007abb00000,0x00000007abb00000)
  from space 2560K, 0% used [0x00000007abd80000,0x00000007abd80000,0x00000007ac000000)
  to   space 2560K, 0% used [0x00000007abb00000,0x00000007abb00000,0x00000007abd80000)
 ParOldGen       total 44032K, used 0K [0x0000000780000000, 0x0000000782b00000, 0x00000007aab00000)
  object space 44032K, 0% used [0x0000000780000000,0x0000000780000000,0x0000000782b00000)
 Metaspace       used 9357K, capacity 9780K, committed 10112K, reserved 1058816K
  class space    used 1236K, capacity 1330K, committed 1408K, reserved 1048576K
Event: 0.744 GC heap after
Heap after GC invocations=1 (full 0):
 PSYoungGen      total 18944K, used 2554K [0x00000007aab00000, 0x00000007ac000000, 0x00000007c0000000)
  eden space 16384K, 0% used [0x00000007aab00000,0x00000007aab00000,0x00000007abb00000)
  from space 2560K, 99% used [0x00000007abb00000,0x00000007abd7e978,0x00000007abd80000)
  to   space 2560K, 0% used [0x00000007abd80000,0x00000007abd80000,0x00000007ac000000)
 ParOldGen       total 44032K, used 209K [0x0000000780000000, 0x0000000782b00000, 0x00000007aab00000)
  object space 44032K, 0% used [0x0000000780000000,0x00000007800345f0,0x0000000782b00000)
 Metaspace       used 9357K, capacity 9780K, committed 10112K, reserved 1058816K
  class space    used 1236K, capacity 1330K, committed 1408K, reserved 1048576K
}
Event: 1.846 GC heap before
{Heap before GC invocations=2 (full 0):
 PSYoungGen      total 18944K, used 18938K [0x00000007aab00000, 0x00000007ac000000, 0x00000007c0000000)
  eden space 16384K, 100% used [0x00000007aab00000,0x00000007abb00000,0x00000007abb00000)
  from space 2560K, 99% used [0x00000007abb00000,0x00000007abd7e978,0x00000007abd80000)
  to   space 2560K, 0% used [0x00000007abd80000,0x00000007abd80000,0x00000007ac000000)
 ParOldGen       total 44032K, used 209K [0x0000000780000000, 0x0000000782b00000, 0x00000007aab00000)
  object space 44032K, 0% used [0x0000000780000000,0x00000007800345f0,0x0000000782b00000)
 Metaspace       used 15320K, capacity 16182K, committed 16384K, reserved 1062912K
  class space    used 2292K, capacity 2493K, committed 2560K, reserved 1048576K
Event: 1.856 GC heap after
Heap after GC invocations=2 (full 0):
 PSYoungGen      total 18944K, used 2544K [0x00000007aab00000, 0x00000007ac000000, 0x00000007c0000000)
  eden space 16384K, 0% used [0x00000007aab00000,0x00000007aab00000,0x00000007abb00000)
  from space 2560K, 99% used [0x00000007abd80000,0x00000007abffc030,0x00000007ac000000)
  to   space 2560K, 0% used [0x00000007abb00000,0x00000007abb00000,0x00000007abd80000)
 ParOldGen       total 44032K, used 2017K [0x0000000780000000, 0x0000000782b00000, 0x00000007aab00000)
  object space 44032K, 4% used [0x0000000780000000,0x00000007801f8400,0x0000000782b00000)
 Metaspace       used 15320K, capacity 16182K, committed 16384K, reserved 1062912K
  class space    used 2292K, capacity 2493K, committed 2560K, reserved 1048576K
}
Event: 22.461 GC heap before
{Heap before GC invocations=3 (full 0):
 PSYoungGen      total 18944K, used 18928K [0x00000007aab00000, 0x00000007ac000000, 0x00000007c0000000)
  eden space 16384K, 100% used [0x00000007aab00000,0x00000007abb00000,0x00000007abb00000)
  from space 2560K, 99% used [0x00000007abd80000,0x00000007abffc030,0x00000007ac000000)
  to   space 2560K, 0% used [0x00000007abb00000,0x00000007abb00000,0x00000007abd80000)
 ParOldGen       total 44032K, used 2017K [0x0000000780000000, 0x0000000782b00000, 0x00000007aab00000)
  object space 44032K, 4% used [0x0000000780000000,0x00000007801f8400,0x0000000782b00000)
 Metaspace       used 18962K, capacity 19957K, committed 20224K, reserved 1067008K
  class space    used 2547K, capacity 2767K, committed 2816K, reserved 1048576K
Event: 22.472 GC heap after
Heap after GC invocations=3 (full 0):
 PSYoungGen      total 18944K, used 2544K [0x00000007aab00000, 0x00000007ac000000, 0x00000007c0000000)
  eden space 16384K, 0% used [0x00000007aab00000,0x00000007aab00000,0x00000007abb00000)
  from space 2560K, 99% used [0x00000007abb00000,0x00000007abd7c030,0x00000007abd80000)
  to   space 2560K, 0% used [0x00000007abd80000,0x00000007abd80000,0x00000007ac000000)
 ParOldGen       total 44032K, used 8759K [0x0000000780000000, 0x0000000782b00000, 0x00000007aab00000)
  object space 44032K, 19% used [0x0000000780000000,0x000000078088de28,0x0000000782b00000)
 Metaspace       used 18962K, capacity 19957K, committed 20224K, reserved 1067008K
  class space    used 2547K, capacity 2767K, committed 2816K, reserved 1048576K
}

Deoptimization events (10 events):
Event: 22.389 Thread 0x00007f940b090000 Uncommon trap: reason=unreached action=reinterpret pc=0x000000010514fad8 method=com.sun.javafx.css.SimpleSelector.stateMatches(Ljavafx/css/Styleable;Ljava/util/Set;)Z @ 1
Event: 22.404 Thread 0x00007f940b090000 Uncommon trap: reason=unreached action=reinterpret pc=0x00000001052ebc3c method=javafx.scene.Node.getProperties()Ljavafx/collections/ObservableMap; @ 4
Event: 23.212 Thread 0x00007f940b090000 Uncommon trap: reason=array_check action=maybe_recompile pc=0x00000001053a9124 method=com.sun.javafx.css.SimpleSelector.applies(Ljavafx/css/Styleable;[Ljava/util/Set;I)Z @ 37
Event: 23.212 Thread 0x00007f940b090000 Uncommon trap: reason=array_check action=maybe_recompile pc=0x00000001053a9124 method=com.sun.javafx.css.SimpleSelector.applies(Ljavafx/css/Styleable;[Ljava/util/Set;I)Z @ 37
Event: 23.212 Thread 0x00007f940b090000 Uncommon trap: reason=array_check action=maybe_recompile pc=0x00000001053a9124 method=com.sun.javafx.css.SimpleSelector.applies(Ljavafx/css/Styleable;[Ljava/util/Set;I)Z @ 37
Event: 23.212 Thread 0x00007f940b090000 Uncommon trap: reason=array_check action=maybe_recompile pc=0x00000001053a9124 method=com.sun.javafx.css.SimpleSelector.applies(Ljavafx/css/Styleable;[Ljava/util/Set;I)Z @ 37
Event: 35.474 Thread 0x00007f940b090000 Uncommon trap: reason=array_check action=maybe_recompile pc=0x0000000105489954 method=com.sun.javafx.css.CompoundSelector.applies(Ljavafx/css/Styleable;[Ljava/util/Set;I)Z @ 128
Event: 35.474 Thread 0x00007f940b090000 Uncommon trap: reason=array_check action=maybe_recompile pc=0x0000000105489954 method=com.sun.javafx.css.CompoundSelector.applies(Ljavafx/css/Styleable;[Ljava/util/Set;I)Z @ 128
Event: 35.474 Thread 0x00007f940b090000 Uncommon trap: reason=array_check action=maybe_recompile pc=0x0000000105489954 method=com.sun.javafx.css.CompoundSelector.applies(Ljavafx/css/Styleable;[Ljava/util/Set;I)Z @ 128
Event: 35.474 Thread 0x00007f940b090000 Uncommon trap: reason=array_check action=maybe_recompile pc=0x0000000105489954 method=com.sun.javafx.css.CompoundSelector.applies(Ljavafx/css/Styleable;[Ljava/util/Set;I)Z @ 128

Internal exceptions (10 events):
Event: 22.375 Thread 0x00007f940b090000 Exception <a 'java/security/PrivilegedActionException'> (0x00000007ab8f2520) thrown at [/Users/java_re/workspace/8-2-build-macosx-x86_64/jdk8u31/2394/hotspot/src/share/vm/prims/jvm.cpp, line 1312]
Event: 22.376 Thread 0x00007f940b090000 Exception <a 'java/security/PrivilegedActionException'> (0x00000007ab8fffe8) thrown at [/Users/java_re/workspace/8-2-build-macosx-x86_64/jdk8u31/2394/hotspot/src/share/vm/prims/jvm.cpp, line 1312]
Event: 22.376 Thread 0x00007f940b090000 Exception <a 'java/security/PrivilegedActionException'> (0x00000007ab9051f0) thrown at [/Users/java_re/workspace/8-2-build-macosx-x86_64/jdk8u31/2394/hotspot/src/share/vm/prims/jvm.cpp, line 1312]
Event: 22.376 Thread 0x00007f940b090000 Exception <a 'java/security/PrivilegedActionException'> (0x00000007ab90bf28) thrown at [/Users/java_re/workspace/8-2-build-macosx-x86_64/jdk8u31/2394/hotspot/src/share/vm/prims/jvm.cpp, line 1312]
Event: 22.377 Thread 0x00007f940b090000 Exception <a 'java/security/PrivilegedActionException'> (0x00000007ab911bd8) thrown at [/Users/java_re/workspace/8-2-build-macosx-x86_64/jdk8u31/2394/hotspot/src/share/vm/prims/jvm.cpp, line 1312]
Event: 22.379 Thread 0x00007f940b090000 Exception <a 'java/security/PrivilegedActionException'> (0x00000007ab91c9a8) thrown at [/Users/java_re/workspace/8-2-build-macosx-x86_64/jdk8u31/2394/hotspot/src/share/vm/prims/jvm.cpp, line 1312]
Event: 22.379 Thread 0x00007f940b090000 Exception <a 'java/security/PrivilegedActionException'> (0x00000007ab91ead0) thrown at [/Users/java_re/workspace/8-2-build-macosx-x86_64/jdk8u31/2394/hotspot/src/share/vm/prims/jvm.cpp, line 1312]
Event: 22.383 Thread 0x00007f940b090000 Exception <a 'java/security/PrivilegedActionException'> (0x00000007ab945d00) thrown at [/Users/java_re/workspace/8-2-build-macosx-x86_64/jdk8u31/2394/hotspot/src/share/vm/prims/jvm.cpp, line 1312]
Event: 22.383 Thread 0x00007f940b090000 Exception <a 'java/security/PrivilegedActionException'> (0x00000007ab948f28) thrown at [/Users/java_re/workspace/8-2-build-macosx-x86_64/jdk8u31/2394/hotspot/src/share/vm/prims/jvm.cpp, line 1312]
Event: 22.389 Thread 0x00007f940b090000 Implicit null exception at 0x000000010514f47b to 0x000000010514fab1

Events (10 events):
Event: 39.189 loading class java/util/regex/Pattern$All
Event: 39.189 loading class java/util/regex/Pattern$All done
Event: 39.189 loading class java/util/regex/Pattern$6
Event: 39.189 loading class java/util/regex/Pattern$6 done
Event: 39.189 loading class java/util/Scanner$1
Event: 39.189 loading class sun/misc/LRUCache
Event: 39.189 loading class sun/misc/LRUCache done
Event: 39.189 loading class java/util/Scanner$1 done
Event: 39.190 loading class java/util/regex/Pattern$Dollar
Event: 39.190 loading class java/util/regex/Pattern$Dollar done


Dynamic libraries:
0x000000000090f000 	/System/Library/Frameworks/Cocoa.framework/Versions/A/Cocoa
0x000000000090f000 	/System/Library/Frameworks/Security.framework/Versions/A/Security
0x000000000090f000 	/System/Library/Frameworks/ApplicationServices.framework/Versions/A/ApplicationServices
0x000000000090f000 	/usr/lib/libz.1.dylib
0x000000000090f000 	/usr/lib/libSystem.B.dylib
0x000000000090f000 	/usr/lib/libobjc.A.dylib
0x000000000090f000 	/System/Library/Frameworks/CoreFoundation.framework/Versions/A/CoreFoundation
0x000000000090f000 	/System/Library/Frameworks/Foundation.framework/Versions/C/Foundation
0x000000000090f000 	/System/Library/Frameworks/AppKit.framework/Versions/C/AppKit
0x000000000090f000 	/System/Library/Frameworks/CoreData.framework/Versions/A/CoreData
0x000000000090f000 	/System/Library/PrivateFrameworks/RemoteViewServices.framework/Versions/A/RemoteViewServices
0x000000000090f000 	/System/Library/PrivateFrameworks/UIFoundation.framework/Versions/A/UIFoundation
0x000000000090f000 	/System/Library/Frameworks/IOSurface.framework/Versions/A/IOSurface
0x000000000090f000 	/System/Library/Frameworks/AudioToolbox.framework/Versions/A/AudioToolbox
0x000000000090f000 	/System/Library/Frameworks/AudioUnit.framework/Versions/A/AudioUnit
0x000000000090f000 	/System/Library/PrivateFrameworks/DataDetectorsCore.framework/Versions/A/DataDetectorsCore
0x000000000090f000 	/System/Library/PrivateFrameworks/DesktopServicesPriv.framework/Versions/A/DesktopServicesPriv
0x000000000090f000 	/System/Library/Frameworks/Carbon.framework/Versions/A/Frameworks/HIToolbox.framework/Versions/A/HIToolbox
0x000000000090f000 	/System/Library/Frameworks/QuartzCore.framework/Versions/A/QuartzCore
0x000000000090f000 	/System/Library/Frameworks/Carbon.framework/Versions/A/Frameworks/SpeechRecognition.framework/Versions/A/SpeechRecognition
0x000000000090f000 	/usr/lib/libauto.dylib
0x000000000090f000 	/usr/lib/libicucore.A.dylib
0x000000000090f000 	/usr/lib/libxml2.2.dylib
0x000000000090f000 	/System/Library/PrivateFrameworks/CoreUI.framework/Versions/A/CoreUI
0x000000000090f000 	/System/Library/Frameworks/CoreAudio.framework/Versions/A/CoreAudio
0x000000000090f000 	/System/Library/Frameworks/DiskArbitration.framework/Versions/A/DiskArbitration
0x000000000090f000 	/usr/lib/liblangid.dylib
0x000000000090f000 	/System/Library/PrivateFrameworks/MultitouchSupport.framework/Versions/A/MultitouchSupport
0x000000000090f000 	/System/Library/Frameworks/IOKit.framework/Versions/A/IOKit
0x000000000090f000 	/usr/lib/libDiagnosticMessagesClient.dylib
0x000000000090f000 	/System/Library/Frameworks/CoreServices.framework/Versions/A/CoreServices
0x000000000090f000 	/System/Library/PrivateFrameworks/PerformanceAnalysis.framework/Versions/A/PerformanceAnalysis
0x000000000090f000 	/System/Library/PrivateFrameworks/GenerationalStorage.framework/Versions/A/GenerationalStorage
0x000000000090f000 	/System/Library/Frameworks/OpenGL.framework/Versions/A/OpenGL
0x000000000090f000 	/System/Library/PrivateFrameworks/Sharing.framework/Versions/A/Sharing
0x000000000090f000 	/System/Library/Frameworks/CoreGraphics.framework/Versions/A/CoreGraphics
0x000000000090f000 	/System/Library/Frameworks/CoreText.framework/Versions/A/CoreText
0x000000000090f000 	/System/Library/Frameworks/ImageIO.framework/Versions/A/ImageIO
0x000000000090f000 	/usr/lib/libextension.dylib
0x000000000090f000 	/System/Library/PrivateFrameworks/Backup.framework/Versions/A/Backup
0x000000000090f000 	/usr/lib/libarchive.2.dylib
0x000000000090f000 	/System/Library/Frameworks/CFNetwork.framework/Versions/A/CFNetwork
0x000000000090f000 	/System/Library/Frameworks/SystemConfiguration.framework/Versions/A/SystemConfiguration
0x000000000090f000 	/usr/lib/libCRFSuite.dylib
0x000000000090f000 	/usr/lib/libc++.1.dylib
0x000000000090f000 	/usr/lib/libc++abi.dylib
0x000000000090f000 	/usr/lib/system/libcache.dylib
0x000000000090f000 	/usr/lib/system/libcommonCrypto.dylib
0x000000000090f000 	/usr/lib/system/libcompiler_rt.dylib
0x000000000090f000 	/usr/lib/system/libcopyfile.dylib
0x000000000090f000 	/usr/lib/system/libcorecrypto.dylib
0x000000000090f000 	/usr/lib/system/libdispatch.dylib
0x000000000090f000 	/usr/lib/system/libdyld.dylib
0x000000000090f000 	/usr/lib/system/libkeymgr.dylib
0x000000000090f000 	/usr/lib/system/liblaunch.dylib
0x000000000090f000 	/usr/lib/system/libmacho.dylib
0x000000000090f000 	/usr/lib/system/libquarantine.dylib
0x000000000090f000 	/usr/lib/system/libremovefile.dylib
0x000000000090f000 	/usr/lib/system/libsystem_asl.dylib
0x000000000090f000 	/usr/lib/system/libsystem_blocks.dylib
0x000000000090f000 	/usr/lib/system/libsystem_c.dylib
0x000000000090f000 	/usr/lib/system/libsystem_configuration.dylib
0x000000000090f000 	/usr/lib/system/libsystem_coreservices.dylib
0x000000000090f000 	/usr/lib/system/libsystem_coretls.dylib
0x000000000090f000 	/usr/lib/system/libsystem_dnssd.dylib
0x000000000090f000 	/usr/lib/system/libsystem_info.dylib
0x000000000090f000 	/usr/lib/system/libsystem_kernel.dylib
0x000000000090f000 	/usr/lib/system/libsystem_m.dylib
0x000000000090f000 	/usr/lib/system/libsystem_malloc.dylib
0x000000000090f000 	/usr/lib/system/libsystem_network.dylib
0x000000000090f000 	/usr/lib/system/libsystem_networkextension.dylib
0x000000000090f000 	/usr/lib/system/libsystem_notify.dylib
0x000000000090f000 	/usr/lib/system/libsystem_platform.dylib
0x000000000090f000 	/usr/lib/system/libsystem_pthread.dylib
0x000000000090f000 	/usr/lib/system/libsystem_sandbox.dylib
0x000000000090f000 	/usr/lib/system/libsystem_secinit.dylib
0x000000000090f000 	/usr/lib/system/libsystem_stats.dylib
0x000000000090f000 	/usr/lib/system/libsystem_trace.dylib
0x000000000090f000 	/usr/lib/system/libunc.dylib
0x000000000090f000 	/usr/lib/system/libunwind.dylib
0x000000000090f000 	/usr/lib/system/libxpc.dylib
0x000000000090f000 	/usr/lib/libbz2.1.0.dylib
0x000000000090f000 	/usr/lib/liblzma.5.dylib
0x000000000090f000 	/usr/lib/libbsm.0.dylib
0x000000000090f000 	/usr/lib/libsqlite3.dylib
0x000000000090f000 	/usr/lib/system/libkxld.dylib
0x000000000090f000 	/usr/lib/libxar.1.dylib
0x000000000090f000 	/usr/lib/libpam.2.dylib
0x000000000090f000 	/usr/lib/libOpenScriptingUtil.dylib
0x000000000090f000 	/System/Library/Frameworks/CoreServices.framework/Versions/A/Frameworks/FSEvents.framework/Versions/A/FSEvents
0x000000000090f000 	/System/Library/Frameworks/CoreServices.framework/Versions/A/Frameworks/CarbonCore.framework/Versions/A/CarbonCore
0x000000000090f000 	/System/Library/Frameworks/CoreServices.framework/Versions/A/Frameworks/Metadata.framework/Versions/A/Metadata
0x000000000090f000 	/System/Library/Frameworks/CoreServices.framework/Versions/A/Frameworks/OSServices.framework/Versions/A/OSServices
0x000000000090f000 	/System/Library/Frameworks/CoreServices.framework/Versions/A/Frameworks/SearchKit.framework/Versions/A/SearchKit
0x000000000090f000 	/System/Library/Frameworks/CoreServices.framework/Versions/A/Frameworks/AE.framework/Versions/A/AE
0x000000000090f000 	/System/Library/Frameworks/CoreServices.framework/Versions/A/Frameworks/LaunchServices.framework/Versions/A/LaunchServices
0x000000000090f000 	/System/Library/Frameworks/CoreServices.framework/Versions/A/Frameworks/DictionaryServices.framework/Versions/A/DictionaryServices
0x000000000090f000 	/System/Library/Frameworks/NetFS.framework/Versions/A/NetFS
0x000000000090f000 	/System/Library/PrivateFrameworks/NetAuth.framework/Versions/A/NetAuth
0x000000000090f000 	/System/Library/PrivateFrameworks/login.framework/Versions/A/Frameworks/loginsupport.framework/Versions/A/loginsupport
0x000000000090f000 	/System/Library/PrivateFrameworks/TCC.framework/Versions/A/TCC
0x000000000090f000 	/usr/lib/libmecabra.dylib
0x000000000090f000 	/System/Library/Frameworks/ApplicationServices.framework/Versions/A/Frameworks/ATS.framework/Versions/A/ATS
0x000000000090f000 	/System/Library/Frameworks/ApplicationServices.framework/Versions/A/Frameworks/ColorSync.framework/Versions/A/ColorSync
0x000000000090f000 	/System/Library/Frameworks/ApplicationServices.framework/Versions/A/Frameworks/HIServices.framework/Versions/A/HIServices
0x000000000090f000 	/System/Library/Frameworks/ApplicationServices.framework/Versions/A/Frameworks/LangAnalysis.framework/Versions/A/LangAnalysis
0x000000000090f000 	/System/Library/Frameworks/ApplicationServices.framework/Versions/A/Frameworks/PrintCore.framework/Versions/A/PrintCore
0x000000000090f000 	/System/Library/Frameworks/ApplicationServices.framework/Versions/A/Frameworks/QD.framework/Versions/A/QD
0x000000000090f000 	/System/Library/Frameworks/ApplicationServices.framework/Versions/A/Frameworks/SpeechSynthesis.framework/Versions/A/SpeechSynthesis
0x000000000090f000 	/System/Library/Frameworks/Accelerate.framework/Versions/A/Accelerate
0x000000000090f000 	/System/Library/Frameworks/Accelerate.framework/Versions/A/Frameworks/vImage.framework/Versions/A/vImage
0x000000000090f000 	/System/Library/Frameworks/Accelerate.framework/Versions/A/Frameworks/vecLib.framework/Versions/A/vecLib
0x000000000090f000 	/System/Library/Frameworks/Accelerate.framework/Versions/A/Frameworks/vecLib.framework/Versions/A/libvDSP.dylib
0x000000000090f000 	/System/Library/Frameworks/Accelerate.framework/Versions/A/Frameworks/vecLib.framework/Versions/A/libvMisc.dylib
0x000000000090f000 	/System/Library/Frameworks/Accelerate.framework/Versions/A/Frameworks/vecLib.framework/Versions/A/libLAPACK.dylib
0x000000000090f000 	/System/Library/Frameworks/Accelerate.framework/Versions/A/Frameworks/vecLib.framework/Versions/A/libBLAS.dylib
0x000000000090f000 	/System/Library/Frameworks/Accelerate.framework/Versions/A/Frameworks/vecLib.framework/Versions/A/libLinearAlgebra.dylib
0x000000000090f000 	/System/Library/Frameworks/ApplicationServices.framework/Versions/A/Frameworks/ATS.framework/Versions/A/Resources/libFontParser.dylib
0x000000000090f000 	/System/Library/Frameworks/ApplicationServices.framework/Versions/A/Frameworks/ATS.framework/Versions/A/Resources/libFontRegistry.dylib
0x000000000090f000 	/System/Library/PrivateFrameworks/AppleVPA.framework/Versions/A/AppleVPA
0x000000000090f000 	/System/Library/PrivateFrameworks/AppleJPEG.framework/Versions/A/AppleJPEG
0x000000000090f000 	/System/Library/Frameworks/ImageIO.framework/Versions/A/Resources/libJPEG.dylib
0x000000000090f000 	/System/Library/Frameworks/ImageIO.framework/Versions/A/Resources/libTIFF.dylib
0x000000000090f000 	/System/Library/Frameworks/ImageIO.framework/Versions/A/Resources/libPng.dylib
0x000000000090f000 	/System/Library/Frameworks/ImageIO.framework/Versions/A/Resources/libGIF.dylib
0x000000000090f000 	/System/Library/Frameworks/ImageIO.framework/Versions/A/Resources/libJP2.dylib
0x000000000090f000 	/System/Library/Frameworks/ImageIO.framework/Versions/A/Resources/libRadiance.dylib
0x000000000090f000 	/System/Library/Frameworks/CoreVideo.framework/Versions/A/CoreVideo
0x000000000090f000 	/System/Library/Frameworks/OpenGL.framework/Versions/A/Libraries/libGLU.dylib
0x000000000090f000 	/System/Library/Frameworks/OpenGL.framework/Versions/A/Libraries/libGFXShared.dylib
0x000000000090f000 	/System/Library/Frameworks/OpenGL.framework/Versions/A/Libraries/libGL.dylib
0x000000000090f000 	/System/Library/Frameworks/OpenGL.framework/Versions/A/Libraries/libGLImage.dylib
0x000000000090f000 	/System/Library/Frameworks/OpenGL.framework/Versions/A/Libraries/libCVMSPluginSupport.dylib
0x000000000090f000 	/System/Library/Frameworks/OpenGL.framework/Versions/A/Libraries/libCoreVMClient.dylib
0x000000000090f000 	/usr/lib/libcups.2.dylib
0x000000000090f000 	/System/Library/Frameworks/Kerberos.framework/Versions/A/Kerberos
0x000000000090f000 	/System/Library/Frameworks/GSS.framework/Versions/A/GSS
0x000000000090f000 	/usr/lib/libresolv.9.dylib
0x000000000090f000 	/usr/lib/libiconv.2.dylib
0x000000000090f000 	/System/Library/PrivateFrameworks/Heimdal.framework/Versions/A/Heimdal
0x000000000090f000 	/usr/lib/libheimdal-asn1.dylib
0x000000000090f000 	/System/Library/Frameworks/OpenDirectory.framework/Versions/A/OpenDirectory
0x000000000090f000 	/System/Library/PrivateFrameworks/CommonAuth.framework/Versions/A/CommonAuth
0x000000000090f000 	/System/Library/Frameworks/OpenDirectory.framework/Versions/A/Frameworks/CFOpenDirectory.framework/Versions/A/CFOpenDirectory
0x000000000090f000 	/System/Library/Frameworks/SecurityFoundation.framework/Versions/A/SecurityFoundation
0x000000000090f000 	/System/Library/PrivateFrameworks/LanguageModeling.framework/Versions/A/LanguageModeling
0x000000000090f000 	/usr/lib/libcmph.dylib
0x000000000090f000 	/System/Library/Frameworks/ServiceManagement.framework/Versions/A/ServiceManagement
0x000000000090f000 	/usr/lib/libxslt.1.dylib
0x000000000090f000 	/System/Library/Frameworks/Carbon.framework/Versions/A/Frameworks/Ink.framework/Versions/A/Ink
0x000000000090f000 	/System/Library/Frameworks/QuartzCore.framework/Versions/A/Frameworks/CoreImage.framework/Versions/A/CoreImage
0x000000000090f000 	/System/Library/PrivateFrameworks/CrashReporterSupport.framework/Versions/A/CrashReporterSupport
0x000000000090f000 	/System/Library/Frameworks/OpenCL.framework/Versions/A/OpenCL
0x000000000090f000 	/System/Library/PrivateFrameworks/FaceCore.framework/Versions/A/FaceCore
0x000000000090f000 	/System/Library/PrivateFrameworks/Ubiquity.framework/Versions/A/Ubiquity
0x000000000090f000 	/System/Library/PrivateFrameworks/IconServices.framework/Versions/A/IconServices
0x000000000090f000 	/System/Library/PrivateFrameworks/ChunkingLibrary.framework/Versions/A/ChunkingLibrary
0x000000000090f000 	/System/Library/PrivateFrameworks/Apple80211.framework/Versions/A/Apple80211
0x000000000090f000 	/System/Library/Frameworks/CoreWLAN.framework/Versions/A/CoreWLAN
0x000000000090f000 	/System/Library/Frameworks/IOBluetooth.framework/Versions/A/IOBluetooth
0x000000000090f000 	/System/Library/PrivateFrameworks/CoreWiFi.framework/Versions/A/CoreWiFi
0x000000000090f000 	/System/Library/Frameworks/CoreBluetooth.framework/Versions/A/CoreBluetooth
0x000000000090f000 	/System/Library/PrivateFrameworks/DebugSymbols.framework/Versions/A/DebugSymbols
0x000000000090f000 	/System/Library/PrivateFrameworks/CoreSymbolication.framework/Versions/A/CoreSymbolication
0x000000000090f000 	/System/Library/PrivateFrameworks/Symbolication.framework/Versions/A/Symbolication
0x000000000090f000 	/System/Library/PrivateFrameworks/SpeechRecognitionCore.framework/Versions/A/SpeechRecognitionCore
0x0000000103e00000 	/Library/Java/JavaVirtualMachines/jdk1.8.0_31.jdk/Contents/Home/jre/lib/server/libjvm.dylib
0x000000000090f000 	/usr/lib/libstdc++.6.dylib
0x00000001035b1000 	/Library/Java/JavaVirtualMachines/jdk1.8.0_31.jdk/Contents/Home/jre/lib/libverify.dylib
0x00000001035bf000 	/Library/Java/JavaVirtualMachines/jdk1.8.0_31.jdk/Contents/Home/jre/lib/libjava.dylib
0x0000000104d1f000 	/Library/Java/JavaVirtualMachines/jdk1.8.0_31.jdk/Contents/Home/jre/lib/libzip.dylib
0x0000000118834000 	/System/Library/Frameworks/JavaVM.framework/Frameworks/JavaRuntimeSupport.framework/JavaRuntimeSupport
0x000000011884c000 	/System/Library/Frameworks/JavaVM.framework/Versions/A/Frameworks/JavaNativeFoundation.framework/Versions/A/JavaNativeFoundation
0x0000000118861000 	/System/Library/Frameworks/JavaVM.framework/Versions/A/JavaVM
0x000000000090f000 	/System/Library/Frameworks/Carbon.framework/Versions/A/Carbon
0x000000011886e000 	/System/Library/PrivateFrameworks/JavaLaunching.framework/Versions/A/JavaLaunching
0x000000000090f000 	/System/Library/Frameworks/Carbon.framework/Versions/A/Frameworks/CommonPanels.framework/Versions/A/CommonPanels
0x000000000090f000 	/System/Library/Frameworks/Carbon.framework/Versions/A/Frameworks/Help.framework/Versions/A/Help
0x000000000090f000 	/System/Library/Frameworks/Carbon.framework/Versions/A/Frameworks/ImageCapture.framework/Versions/A/ImageCapture
0x000000000090f000 	/System/Library/Frameworks/Carbon.framework/Versions/A/Frameworks/OpenScripting.framework/Versions/A/OpenScripting
0x000000000090f000 	/System/Library/Frameworks/Carbon.framework/Versions/A/Frameworks/Print.framework/Versions/A/Print
0x000000000090f000 	/System/Library/Frameworks/Carbon.framework/Versions/A/Frameworks/SecurityHI.framework/Versions/A/SecurityHI
0x000000011a856000 	/Library/Java/JavaVirtualMachines/jdk1.8.0_31.jdk/Contents/Home/jre/lib/libprism_es2.dylib
0x000000000090f000 	/System/Library/Frameworks/OpenGL.framework/Versions/A/Resources/GLEngine.bundle/GLEngine
0x000000000090f000 	/System/Library/Frameworks/OpenGL.framework/Versions/A/Libraries/libGLProgrammability.dylib
0x0000000000000000 	/System/Library/Extensions/AppleIntelHD5000GraphicsGLDriver.bundle/Contents/MacOS/AppleIntelHD5000GraphicsGLDriver
0x000000000090f000 	/System/Library/PrivateFrameworks/IOAccelerator.framework/Versions/A/IOAccelerator
0x000000000090f000 	/System/Library/PrivateFrameworks/GPUSupport.framework/Versions/A/Libraries/libGPUSupportMercury.dylib
0x000000000090f000 	/System/Library/Frameworks/OpenGL.framework/Versions/A/Resources/GLRendererFloat.bundle/GLRendererFloat
0x000000000090f000 	/System/Library/Frameworks/OpenCL.framework/Versions/A/Libraries/libcldcpuengine.dylib
0x000000000090f000 	/System/Library/PrivateFrameworks/DiskImages.framework/Versions/A/DiskImages
0x000000000090f000 	/System/Library/Frameworks/DiscRecording.framework/Versions/A/DiscRecording
0x000000000090f000 	/usr/lib/libcsfde.dylib
0x000000000090f000 	/usr/lib/libcurl.4.dylib
0x000000000090f000 	/System/Library/PrivateFrameworks/MediaKit.framework/Versions/A/MediaKit
0x000000000090f000 	/System/Library/PrivateFrameworks/ProtectedCloudStorage.framework/Versions/A/ProtectedCloudStorage
0x000000000090f000 	/usr/lib/libCoreStorage.dylib
0x000000000090f000 	/System/Library/PrivateFrameworks/EFILogin.framework/Versions/A/EFILogin
0x000000000090f000 	/usr/lib/libutil.dylib
0x000000000090f000 	/System/Library/PrivateFrameworks/FindMyDevice.framework/Versions/A/FindMyDevice
0x000000000090f000 	/System/Library/Frameworks/LDAP.framework/Versions/A/LDAP
0x000000000090f000 	/usr/lib/libsasl2.2.dylib
0x000000000090f000 	/System/Library/PrivateFrameworks/CoreDaemon.framework/Versions/B/CoreDaemon
0x000000000090f000 	/usr/lib/libcrypto.0.9.8.dylib
0x000000000090f000 	/System/Library/PrivateFrameworks/AppleSRP.framework/Versions/A/AppleSRP
0x000000000090f000 	/System/Library/PrivateFrameworks/TrustEvaluationAgent.framework/Versions/A/TrustEvaluationAgent
0x000000011ad03000 	/Library/Java/JavaVirtualMachines/jdk1.8.0_31.jdk/Contents/Home/jre/lib/libglass.dylib
0x000000000090f000 	/System/Library/PrivateFrameworks/CoreServicesInternal.framework/Versions/A/CoreServicesInternal
0x000000000090f000 	/System/Library/PrivateFrameworks/CloudDocs.framework/Versions/A/CloudDocs
0x000000000090f000 	/System/Library/PrivateFrameworks/CoreDuet.framework/Versions/A/CoreDuet
0x000000000090f000 	/System/Library/Frameworks/CloudKit.framework/Versions/A/CloudKit
0x000000000090f000 	/System/Library/PrivateFrameworks/ProtocolBuffer.framework/Versions/A/ProtocolBuffer
0x000000000090f000 	/System/Library/PrivateFrameworks/CoreDuetDaemonProtocol.framework/Versions/A/CoreDuetDaemonProtocol
0x000000000090f000 	/System/Library/PrivateFrameworks/CoreDuetDebugLogging.framework/Versions/A/CoreDuetDebugLogging
0x000000000090f000 	/System/Library/Frameworks/CoreLocation.framework/Versions/A/CoreLocation
0x000000000090f000 	/System/Library/Frameworks/Accounts.framework/Versions/A/Accounts
0x000000000090f000 	/System/Library/PrivateFrameworks/ApplePushService.framework/Versions/A/ApplePushService
0x000000000090f000 	/System/Library/PrivateFrameworks/GeoServices.framework/Versions/A/GeoServices
0x000000000090f000 	/System/Library/PrivateFrameworks/OAuth.framework/Versions/A/OAuth
0x000000000090f000 	/System/Library/Frameworks/CoreGraphics.framework/Versions/A/Resources/libCGCMS.A.dylib
0x000000011c0ab000 	/System/Library/CoreServices/RawCamera.bundle/Contents/MacOS/RawCamera
0x000000000090f000 	/System/Library/Frameworks/CoreGraphics.framework/Versions/A/Resources/libRIP.A.dylib
0x000000000090f000 	/System/Library/PrivateFrameworks/FamilyControls.framework/Versions/A/FamilyControls
0x000000000090f000 	/System/Library/PrivateFrameworks/CommerceKit.framework/Versions/A/Frameworks/CommerceCore.framework/Versions/A/CommerceCore
0x000000000090f000 	/System/Library/PrivateFrameworks/SystemAdministration.framework/Versions/A/SystemAdministration
0x000000000090f000 	/System/Library/PrivateFrameworks/AppContainer.framework/Versions/A/AppContainer
0x000000000090f000 	/System/Library/PrivateFrameworks/SecCodeWrapper.framework/Versions/A/SecCodeWrapper
0x000000000090f000 	/System/Library/Frameworks/DirectoryService.framework/Versions/A/DirectoryService
0x000000000090f000 	/System/Library/PrivateFrameworks/LoginUIKit.framework/Versions/A/Frameworks/LoginUICore.framework/Versions/A/LoginUICore
0x000000000090f000 	/usr/lib/libodfde.dylib
0x000000000090f000 	/System/Library/Frameworks/CoreGraphics.framework/Versions/A/Resources/libCGXType.A.dylib
0x000000011f7ab000 	cl_kernels
0x000000011f7ad000 	/System/Library/Frameworks/OpenCL.framework/Versions/A/Libraries/ImageFormats/unorm8_bgra.dylib
0x000000011f79c000 	cl_kernels
0x000000011fbf7000 	/Library/Java/JavaVirtualMachines/jdk1.8.0_31.jdk/Contents/Home/jre/lib/libjavafx_font.dylib
0x0000000120550000 	/Library/Java/JavaVirtualMachines/jdk1.8.0_31.jdk/Contents/Home/jre/lib/libnio.dylib
0x0000000120560000 	/Library/Java/JavaVirtualMachines/jdk1.8.0_31.jdk/Contents/Home/jre/lib/./libnet.dylib
0x000000011fc27000 	/Library/Java/JavaVirtualMachines/jdk1.8.0_31.jdk/Contents/Home/jre/lib/libprism_common.dylib

VM Arguments:
jvm_args: -Dfile.encoding=UTF-8 
java_command: ui.BasicUI
java_class_path (initial): /Users/Colonel/Documents/Git/main/bin:/Users/Colonel/Documents/Git/main/lib/natty/antlr-runtime-3.2.jar:/Users/Colonel/Documents/Git/main/lib/natty/backport-util-concurrent-3.1.jar:/Users/Colonel/Documents/Git/main/lib/natty/commons-codec-1.8.jar:/Users/Colonel/Documents/Git/main/lib/natty/commons-lang-2.6.jar:/Users/Colonel/Documents/Git/main/lib/natty/commons-logging-1.1.3.jar:/Users/Colonel/Documents/Git/main/lib/natty/groovy-all-2.1.7.jar:/Users/Colonel/Documents/Git/main/lib/natty/ical4j-1.0.6.jar:/Users/Colonel/Documents/Git/main/lib/natty/natty-0.9.jar:/Applications/eclipse/plugins/org.junit_4.11.0.v201303080030/junit.jar:/Applications/eclipse/plugins/org.hamcrest.core_1.3.0.v201303031735.jar
Launcher Type: SUN_STANDARD

Environment Variables:
PATH=/usr/bin:/bin:/usr/sbin:/sbin
SHELL=/bin/bash
DISPLAY=/private/tmp/com.apple.launchd.GWwejE0UaE/org.macosforge.xquartz:0

Signal Handlers:
SIGSEGV: [libjvm.dylib+0x57a0e7], sa_mask[0]=11111111011111110111111111111111, sa_flags=SA_ONSTACK|SA_RESTART|SA_SIGINFO
SIGBUS: [libjvm.dylib+0x57a0e7], sa_mask[0]=11111111011111110111111111111111, sa_flags=SA_RESTART|SA_SIGINFO
SIGFPE: [libjvm.dylib+0x45af24], sa_mask[0]=11111111011111110111111111111111, sa_flags=SA_RESTART|SA_SIGINFO
SIGPIPE: [libjvm.dylib+0x45af24], sa_mask[0]=11111111011111110111111111111111, sa_flags=SA_RESTART|SA_SIGINFO
SIGXFSZ: [libjvm.dylib+0x45af24], sa_mask[0]=11111111011111110111111111111111, sa_flags=SA_RESTART|SA_SIGINFO
SIGILL: [libjvm.dylib+0x45af24], sa_mask[0]=11111111011111110111111111111111, sa_flags=SA_RESTART|SA_SIGINFO
SIGUSR1: SIG_DFL, sa_mask[0]=00000000000000000000000000000000, sa_flags=none
SIGUSR2: [libjvm.dylib+0x45aa42], sa_mask[0]=00100000000000000000000000000000, sa_flags=SA_RESTART|SA_SIGINFO
SIGHUP: [libjvm.dylib+0x459015], sa_mask[0]=11111111011111110111111111111111, sa_flags=SA_RESTART|SA_SIGINFO
SIGINT: [libjvm.dylib+0x459015], sa_mask[0]=11111111011111110111111111111111, sa_flags=SA_RESTART|SA_SIGINFO
SIGTERM: [libjvm.dylib+0x459015], sa_mask[0]=11111111011111110111111111111111, sa_flags=SA_RESTART|SA_SIGINFO
SIGQUIT: [libjvm.dylib+0x459015], sa_mask[0]=11111111011111110111111111111111, sa_flags=SA_RESTART|SA_SIGINFO


---------------  S Y S T E M  ---------------

OS:Bsduname:Darwin 14.1.0 Darwin Kernel Version 14.1.0: Mon Dec 22 23:10:38 PST 2014; root:xnu-2782.10.72~2/RELEASE_X86_64 x86_64
rlimit: STACK 8192k, CORE 0k, NPROC 709, NOFILE 10240, AS infinity
load average:1.48 1.55 1.54

CPU:total 4 (2 cores per cpu, 2 threads per core) family 6 model 69 stepping 1, cmov, cx8, fxsr, mmx, sse, sse2, sse3, ssse3, sse4.1, sse4.2, popcnt, avx, avx2, aes, clmul, erms, lzcnt, ht, tsc, tscinvbit, bmi1, bmi2

Memory: 4k page, physical 4194304k(424972k free)

/proc/meminfo:


vm_info: Java HotSpot(TM) 64-Bit Server VM (25.31-b07) for bsd-amd64 JRE (1.8.0_31-b13), built on Dec 17 2014 20:45:36 by "java_re" with gcc 4.2.1 (Based on Apple Inc. build 5658) (LLVM build 2336.11.00)

time: Tue Mar 17 14:35:55 2015
elapsed time: 127 seconds (0d 0h 2m 7s)

