#
# A fatal error has been detected by the Java Runtime Environment:
#
#  SIGSEGV (0xb) at pc=0x0000000121fbf3fd, pid=7978, tid=1811
#
# JRE version: Java(TM) SE Runtime Environment (8.0_20-b26) (build 1.8.0_20-b26)
# Java VM: Java HotSpot(TM) 64-Bit Server VM (25.20-b23 mixed mode bsd-amd64 compressed oops)
# Problematic frame:
# C  [libglass.dylib+0x163fd]  GlassScreenDidChangeScreenParameters+0x9d
#
# Failed to write core dump. Core dumps have been disabled. To enable core dumping, try "ulimit -c unlimited" before starting Java again
#
# If you would like to submit a bug report, please visit:
#   http://bugreport.sun.com/bugreport/crash.jsp
#

---------------  T H R E A D  ---------------

Current thread is native thread

siginfo: si_signo: 11 (SIGSEGV), si_code: 1 (SEGV_MAPERR), si_addr: 0x0000000000000000

Registers:
RAX=0x0000000121ff1e40, RBX=0x0000000000000000, RCX=0x95003212079f9571, RDX=0x00007fdf48c67c50
RSP=0x00007fff5c5b6130, RBP=0x00007fff5c5b6140, RSI=0x00007fdf48c02fe8, RDI=0x0000000000000000
R8 =0x00007fff5c5b5fe0, R9 =0x00007fff7c3cb300, R10=0x0000000000000000, R11=0x0000000000000246
R12=0x00007fdf48f086b0, R13=0x00000000000f4268, R14=0x00007fdf48c5fe80, R15=0x00007fff5c5b6280
RIP=0x0000000121fbf3fd, EFLAGS=0x0000000000010206, ERR=0x0000000000000004
  TRAPNO=0x000000000000000e

Top of Stack: (sp=0x00007fff5c5b6130)
0x00007fff5c5b6130:   00007fff5c5b6310 00007fdf48c5fe80
0x00007fff5c5b6140:   00007fff5c5b6150 00007fff8dbe0cdc
0x00007fff5c5b6150:   00007fff5c5b64b0 00007fff8dad2244
0x00007fff5c5b6160:   00007fdf48ef3070 0000000000000a00
0x00007fff5c5b6170:   00007fff5c5b61e8 00007fdf48cfc080
0x00007fff5c5b6180:   0000000000001001 0000000000000900
0x00007fff5c5b6190:   0000000000000007 00007fdf48c5fe80
0x00007fff5c5b61a0:   0000000000000000 00007fff5c5b6280
0x00007fff5c5b61b0:   0000000000000000 00007fdf48c5fe40
0x00007fff5c5b61c0:   00007fff5c5b6300 0000000000000060
0x00007fff5c5b61d0:   00000000000f4308 00007fdf48cb9240
0x00007fff5c5b61e0:   00007fdf48f3fe20 00007fdf48f086b0
0x00007fff5c5b61f0:   0000000000000001 00000000000f4268
0x00007fff5c5b6200:   00007fdf48f086a0 00007fff91c3bacb
0x00007fff5c5b6210:   0000000000000001 0000000000000001
0x00007fff5c5b6220:   0000000000000030 0000000000000001
0x00007fff5c5b6230:   00007fff5c5b6250 00007fff91c41231
0x00007fff5c5b6240:   00007fff7b5e9dd0 0000000000000000
0x00007fff5c5b6250:   00007fff5c5b6270 0000000000000012
0x00007fff5c5b6260:   0001af0391c3b53e 00007fdf48f086d4
0x00007fff5c5b6270:   0000000000000000 00007fff8dac7d1f
0x00007fff5c5b6280:   00007fdf48c5fe80 00007fff7b5e9dd0
0x00007fff5c5b6290:   00007fff5c5b6310 0000000000000001
0x00007fff5c5b62a0:   00007fff5c5b62e0 00007fff91c3b53e
0x00007fff5c5b62b0:   0000000103664a00 0000000000000002
0x00007fff5c5b62c0:   0000000103661000 00007fdf48c6ec02
0x00007fff5c5b62d0:   0000000000000003 0000000103665400
0x00007fff5c5b62e0:   00007fff5c5b63d0 00007fff91c3a2a2
0x00007fff5c5b62f0:   00007fdf48d47a00 00007fff5c5b64b8
0x00007fff5c5b6300:   0000000000000017 0000000000000000
0x00007fff5c5b6310:   00000000000f4268 00007fff8dac8013
0x00007fff5c5b6320:   00007fff00000000 00007fdf48c364d0 

Instructions: (pc=0x0000000121fbf3fd)
0x0000000121fbf3dd:   89 df 4c 89 f1 41 ff 90 68 04 00 00 48 8d 05 58
0x0000000121fbf3ed:   29 03 00 48 8b 30 48 8d 05 46 2a 03 00 48 8b 10
0x0000000121fbf3fd:   48 8b 0b 30 c0 48 89 df ff 91 68 04 00 00 48 8b
0x0000000121fbf40d:   03 48 89 df ff 50 78 48 85 c0 74 36 49 89 c6 48 

Register to memory mapping:

RAX=0x0000000121ff1e40: jScreenNotifySettingsChanged+0 in /Library/Java/JavaVirtualMachines/jdk1.8.0_20.jdk/Contents/Home/jre/lib/libglass.dylib at 0x0000000121fa9000
RBX=0x0000000000000000 is an unknown value
RCX=0x95003212079f9571 is an unknown value
RDX=0x00007fdf48c67c50 is an unknown value
RSP=0x00007fff5c5b6130 is an unknown value
RBP=0x00007fff5c5b6140 is an unknown value
RSI=0x00007fdf48c02fe8 is a global jni handle
RDI=0x0000000000000000 is an unknown value
R8 =0x00007fff5c5b5fe0 is an unknown value
R9 =0x00007fff7c3cb300: _thread+0 in /usr/lib/system/libsystem_pthread.dylib at 0x00007fff93c36000
R10=0x0000000000000000 is an unknown value
R11=0x0000000000000246 is an unknown value
R12=0x00007fdf48f086b0 is an unknown value
R13=0x00000000000f4268 is an unknown value
R14=0x00007fdf48c5fe80 is an unknown value
R15=0x00007fff5c5b6280 is an unknown value


Stack: [0x00007fff5bdb9000,0x00007fff5c5b9000],  sp=0x00007fff5c5b6130,  free space=8180k
Native frames: (J=compiled Java code, j=interpreted, Vv=VM code, C=native code)
C  [libglass.dylib+0x163fd]  GlassScreenDidChangeScreenParameters+0x9d
C  [CoreFoundation+0x11ecdc]  __CFNOTIFICATIONCENTER_IS_CALLING_OUT_TO_AN_OBSERVER__+0xc
C  [CoreFoundation+0x10244]  _CFXNotificationPost+0xc44
C  [Foundation+0x2c31]  -[NSNotificationCenter postNotificationName:object:userInfo:]+0x42
C  [AppKit+0x36305e]  -[NSApplication _reactToScreenInvalidationImmediately:]+0x17b
C  [AppKit+0x362e9d]  __44-[NSApplication _reactToScreenInvalidation:]_block_invoke+0x4b
C  [CoreFoundation+0x8056c]  __CFRUNLOOP_IS_CALLING_OUT_TO_A_BLOCK__+0xc
C  [CoreFoundation+0x72675]  __CFRunLoopDoBlocks+0x155
C  [CoreFoundation+0x721b6]  __CFRunLoopRun+0x716
C  [CoreFoundation+0x71858]  CFRunLoopRunSpecific+0x128
C  [java+0x56cc]  CreateExecutionEnvironment+0x367
C  [java+0x165c]  JLI_Launch+0x7a0
C  [java+0x768a]  main+0x65
C  [java+0xeb4]  start+0x34


---------------  P R O C E S S  ---------------

VM state:not at safepoint (normal execution)

VM Mutex/Monitor currently owned by a thread: None

Heap:
 PSYoungGen      total 76288K, used 38819K [0x000000076ab00000, 0x0000000770000000, 0x00000007c0000000)
  eden space 65536K, 59% used [0x000000076ab00000,0x000000076d0e8e20,0x000000076eb00000)
  from space 10752K, 0% used [0x000000076f580000,0x000000076f580000,0x0000000770000000)
  to   space 10752K, 0% used [0x000000076eb00000,0x000000076eb00000,0x000000076f580000)
 ParOldGen       total 175104K, used 0K [0x00000006c0000000, 0x00000006cab00000, 0x000000076ab00000)
  object space 175104K, 0% used [0x00000006c0000000,0x00000006c0000000,0x00000006cab00000)
 Metaspace       used 14391K, capacity 15130K, committed 15360K, reserved 1062912K
  class space    used 2176K, capacity 2295K, committed 2304K, reserved 1048576K

Card table byte_map: [0x00000001143c0000,0x0000000114bc1000] byte_map_base: 0x0000000110dc0000

Marking Bits: (ParMarkBitMap*) 0x0000000103fe1330
 Begin Bits: [0x0000000115523000, 0x0000000119523000)
 End Bits:   [0x0000000119523000, 0x000000011d523000)

Polling page: 0x00000001047a5000

CodeCache: size=245760Kb used=4238Kb max_used=4244Kb free=241521Kb
 bounds [0x0000000105000000, 0x0000000105430000, 0x0000000114000000]
 total_blobs=1854 nmethods=1233 adapters=535
 compilation: enabled

Compilation events (10 events):
Event: 3.674 Thread 0x00007fdf49016000 1230       3       sun.util.locale.LocaleUtils::isUpper (18 bytes)
Event: 3.674 Thread 0x00007fdf49016000 nmethod 1230 0x0000000105420c50 code [0x0000000105420dc0, 0x0000000105420f90]
Event: 3.677 Thread 0x00007fdf49814800 1231       4       java.io.DataInputStream::readUTF (501 bytes)
Event: 3.678 Thread 0x00007fdf49016000 1233       3       java.util.StringTokenizer::scanToken (179 bytes)
Event: 3.679 Thread 0x00007fdf49016000 nmethod 1233 0x0000000105421010 code [0x00000001054212a0, 0x0000000105422558]
Event: 3.679 Thread 0x00007fdf49016000 1232       3       java.util.StringTokenizer::skipDelimiters (116 bytes)
Event: 3.681 Thread 0x00007fdf49016000 nmethod 1232 0x0000000105422cd0 code [0x0000000105422ee0, 0x0000000105423a58]
Event: 3.681 Thread 0x00007fdf49016000 1234       3       java.util.StringTokenizer::hasMoreTokens (29 bytes)
Event: 3.681 Thread 0x00007fdf49016000 nmethod 1234 0x0000000105423ed0 code [0x0000000105424040, 0x0000000105424248]
Event: 3.693 Thread 0x00007fdf49814800 nmethod 1231 0x0000000105426190 code [0x0000000105426400, 0x0000000105426ef8]

GC Heap History (0 events):
No events

Deoptimization events (10 events):
Event: 0.747 Thread 0x00007fdf4985f000 Uncommon trap: reason=unreached action=reinterpret pc=0x0000000105218d08 method=java.util.HashMap.hash(Ljava/lang/Object;)I @ 1
Event: 0.862 Thread 0x00007fdf4985f000 Uncommon trap: reason=class_check action=maybe_recompile pc=0x000000010520f3d0 method=java.io.DataInputStream.readShort()S @ 4
Event: 0.862 Thread 0x00007fdf4985f000 Uncommon trap: reason=class_check action=maybe_recompile pc=0x000000010520f3d0 method=java.io.DataInputStream.readShort()S @ 4
Event: 0.863 Thread 0x00007fdf4985f000 Uncommon trap: reason=class_check action=maybe_recompile pc=0x000000010520f3d0 method=java.io.DataInputStream.readShort()S @ 4
Event: 0.863 Thread 0x00007fdf4985f000 Uncommon trap: reason=class_check action=maybe_recompile pc=0x000000010520f3d0 method=java.io.DataInputStream.readShort()S @ 4
Event: 0.869 Thread 0x00007fdf4985f000 Uncommon trap: reason=class_check action=maybe_recompile pc=0x000000010512221c method=java.lang.String.equals(Ljava/lang/Object;)Z @ 8
Event: 0.869 Thread 0x00007fdf4985f000 Uncommon trap: reason=class_check action=maybe_recompile pc=0x000000010512221c method=java.lang.String.equals(Ljava/lang/Object;)Z @ 8
Event: 0.869 Thread 0x00007fdf4985f000 Uncommon trap: reason=class_check action=maybe_recompile pc=0x000000010512221c method=java.lang.String.equals(Ljava/lang/Object;)Z @ 8
Event: 0.871 Thread 0x00007fdf4985f000 Uncommon trap: reason=class_check action=maybe_recompile pc=0x000000010512221c method=java.lang.String.equals(Ljava/lang/Object;)Z @ 8
Event: 1.169 Thread 0x00007fdf4985f000 Uncommon trap: reason=unloaded action=reinterpret pc=0x0000000105226d98 method=java.lang.CharacterData.of(I)Ljava/lang/CharacterData; @ 96

Internal exceptions (10 events):
Event: 0.747 Thread 0x00007fdf4985f000 Implicit null exception at 0x0000000105218af5 to 0x0000000105218cf9
Event: 0.801 Thread 0x00007fdf4985f000 Exception <a 'java/security/PrivilegedActionException'> (0x000000076c1fe228) thrown at [/HUDSON3/workspace/8-2-build-macosx-x86_64/jdk8u20/1074/hotspot/src/share/vm/prims/jvm.cpp, line 1275]
Event: 0.803 Thread 0x00007fdf4985f000 Exception <a 'java/security/PrivilegedActionException'> (0x000000076c213810) thrown at [/HUDSON3/workspace/8-2-build-macosx-x86_64/jdk8u20/1074/hotspot/src/share/vm/prims/jvm.cpp, line 1275]
Event: 0.805 Thread 0x00007fdf4985f000 Exception <a 'java/security/PrivilegedActionException'> (0x000000076c233250) thrown at [/HUDSON3/workspace/8-2-build-macosx-x86_64/jdk8u20/1074/hotspot/src/share/vm/prims/jvm.cpp, line 1275]
Event: 0.877 Thread 0x00007fdf4985f000 Exception <a 'java/security/PrivilegedActionException'> (0x000000076c3a7020) thrown at [/HUDSON3/workspace/8-2-build-macosx-x86_64/jdk8u20/1074/hotspot/src/share/vm/prims/jvm.cpp, line 1275]
Event: 0.879 Thread 0x00007fdf4985f000 Exception <a 'java/security/PrivilegedActionException'> (0x000000076c3bd278) thrown at [/HUDSON3/workspace/8-2-build-macosx-x86_64/jdk8u20/1074/hotspot/src/share/vm/prims/jvm.cpp, line 1275]
Event: 0.881 Thread 0x00007fdf4985f000 Exception <a 'java/security/PrivilegedActionException'> (0x000000076c3d7b08) thrown at [/HUDSON3/workspace/8-2-build-macosx-x86_64/jdk8u20/1074/hotspot/src/share/vm/prims/jvm.cpp, line 1275]
Event: 1.336 Thread 0x00007fdf4985f000 Exception <a 'java/security/PrivilegedActionException'> (0x000000076cb056f0) thrown at [/HUDSON3/workspace/8-2-build-macosx-x86_64/jdk8u20/1074/hotspot/src/share/vm/prims/jvm.cpp, line 1275]
Event: 3.680 Thread 0x00007fdf4a004000 Exception <a 'java/security/PrivilegedActionException'> (0x000000076b72c070) thrown at [/HUDSON3/workspace/8-2-build-macosx-x86_64/jdk8u20/1074/hotspot/src/share/vm/prims/jvm.cpp, line 1275]
Event: 3.680 Thread 0x00007fdf4a004000 Exception <a 'java/security/PrivilegedActionException'> (0x000000076b72d6b8) thrown at [/HUDSON3/workspace/8-2-build-macosx-x86_64/jdk8u20/1074/hotspot/src/share/vm/prims/jvm.cpp, line 1275]

Events (10 events):
Event: 3.683 loading class java/util/regex/Pattern$5
Event: 3.683 loading class java/util/regex/Pattern$5 done
Event: 3.683 loading class java/util/regex/Pattern$BranchConn
Event: 3.683 loading class java/util/regex/Pattern$BranchConn done
Event: 3.683 loading class java/util/regex/Pattern$Branch
Event: 3.683 loading class java/util/regex/Pattern$Branch done
Event: 3.683 loading class java/util/regex/Pattern$Dollar
Event: 3.683 loading class java/util/regex/Pattern$Dollar done
Event: 4.100 Executing VM operation: EnableBiasedLocking
Event: 4.101 Executing VM operation: EnableBiasedLocking done


Dynamic libraries:
0x000000000ae58000 	/System/Library/Frameworks/Cocoa.framework/Versions/A/Cocoa
0x000000000ae58000 	/System/Library/Frameworks/Security.framework/Versions/A/Security
0x000000000ae58000 	/System/Library/Frameworks/ApplicationServices.framework/Versions/A/ApplicationServices
0x000000000ae58000 	/usr/lib/libz.1.dylib
0x000000000ae58000 	/usr/lib/libSystem.B.dylib
0x000000000ae58000 	/usr/lib/libobjc.A.dylib
0x000000000ae58000 	/System/Library/Frameworks/CoreFoundation.framework/Versions/A/CoreFoundation
0x000000000ae58000 	/System/Library/Frameworks/Foundation.framework/Versions/C/Foundation
0x000000000ae58000 	/System/Library/Frameworks/AppKit.framework/Versions/C/AppKit
0x000000000ae58000 	/System/Library/Frameworks/CoreData.framework/Versions/A/CoreData
0x000000000ae58000 	/System/Library/PrivateFrameworks/RemoteViewServices.framework/Versions/A/RemoteViewServices
0x000000000ae58000 	/System/Library/PrivateFrameworks/UIFoundation.framework/Versions/A/UIFoundation
0x000000000ae58000 	/System/Library/Frameworks/IOSurface.framework/Versions/A/IOSurface
0x000000000ae58000 	/System/Library/Frameworks/AudioToolbox.framework/Versions/A/AudioToolbox
0x000000000ae58000 	/System/Library/Frameworks/AudioUnit.framework/Versions/A/AudioUnit
0x000000000ae58000 	/System/Library/PrivateFrameworks/DataDetectorsCore.framework/Versions/A/DataDetectorsCore
0x000000000ae58000 	/System/Library/PrivateFrameworks/DesktopServicesPriv.framework/Versions/A/DesktopServicesPriv
0x000000000ae58000 	/System/Library/Frameworks/Carbon.framework/Versions/A/Frameworks/HIToolbox.framework/Versions/A/HIToolbox
0x000000000ae58000 	/System/Library/Frameworks/QuartzCore.framework/Versions/A/QuartzCore
0x000000000ae58000 	/System/Library/Frameworks/Carbon.framework/Versions/A/Frameworks/SpeechRecognition.framework/Versions/A/SpeechRecognition
0x000000000ae58000 	/usr/lib/libauto.dylib
0x000000000ae58000 	/usr/lib/libicucore.A.dylib
0x000000000ae58000 	/usr/lib/libxml2.2.dylib
0x000000000ae58000 	/System/Library/PrivateFrameworks/CoreUI.framework/Versions/A/CoreUI
0x000000000ae58000 	/System/Library/Frameworks/CoreAudio.framework/Versions/A/CoreAudio
0x000000000ae58000 	/System/Library/Frameworks/DiskArbitration.framework/Versions/A/DiskArbitration
0x000000000ae58000 	/usr/lib/liblangid.dylib
0x000000000ae58000 	/System/Library/PrivateFrameworks/MultitouchSupport.framework/Versions/A/MultitouchSupport
0x000000000ae58000 	/System/Library/Frameworks/IOKit.framework/Versions/A/IOKit
0x000000000ae58000 	/usr/lib/libDiagnosticMessagesClient.dylib
0x000000000ae58000 	/System/Library/Frameworks/CoreServices.framework/Versions/A/CoreServices
0x000000000ae58000 	/System/Library/PrivateFrameworks/PerformanceAnalysis.framework/Versions/A/PerformanceAnalysis
0x000000000ae58000 	/System/Library/PrivateFrameworks/GenerationalStorage.framework/Versions/A/GenerationalStorage
0x000000000ae58000 	/System/Library/Frameworks/OpenGL.framework/Versions/A/OpenGL
0x000000000ae58000 	/System/Library/PrivateFrameworks/Sharing.framework/Versions/A/Sharing
0x000000000ae58000 	/System/Library/Frameworks/CoreGraphics.framework/Versions/A/CoreGraphics
0x000000000ae58000 	/System/Library/Frameworks/CoreText.framework/Versions/A/CoreText
0x000000000ae58000 	/System/Library/Frameworks/ImageIO.framework/Versions/A/ImageIO
0x000000000ae58000 	/usr/lib/libextension.dylib
0x000000000ae58000 	/System/Library/PrivateFrameworks/Backup.framework/Versions/A/Backup
0x000000000ae58000 	/usr/lib/libarchive.2.dylib
0x000000000ae58000 	/System/Library/Frameworks/CFNetwork.framework/Versions/A/CFNetwork
0x000000000ae58000 	/System/Library/Frameworks/SystemConfiguration.framework/Versions/A/SystemConfiguration
0x000000000ae58000 	/usr/lib/libCRFSuite.dylib
0x000000000ae58000 	/usr/lib/libc++.1.dylib
0x000000000ae58000 	/usr/lib/libc++abi.dylib
0x000000000ae58000 	/usr/lib/system/libcache.dylib
0x000000000ae58000 	/usr/lib/system/libcommonCrypto.dylib
0x000000000ae58000 	/usr/lib/system/libcompiler_rt.dylib
0x000000000ae58000 	/usr/lib/system/libcopyfile.dylib
0x000000000ae58000 	/usr/lib/system/libcorecrypto.dylib
0x000000000ae58000 	/usr/lib/system/libdispatch.dylib
0x000000000ae58000 	/usr/lib/system/libdyld.dylib
0x000000000ae58000 	/usr/lib/system/libkeymgr.dylib
0x000000000ae58000 	/usr/lib/system/liblaunch.dylib
0x000000000ae58000 	/usr/lib/system/libmacho.dylib
0x000000000ae58000 	/usr/lib/system/libquarantine.dylib
0x000000000ae58000 	/usr/lib/system/libremovefile.dylib
0x000000000ae58000 	/usr/lib/system/libsystem_asl.dylib
0x000000000ae58000 	/usr/lib/system/libsystem_blocks.dylib
0x000000000ae58000 	/usr/lib/system/libsystem_c.dylib
0x000000000ae58000 	/usr/lib/system/libsystem_configuration.dylib
0x000000000ae58000 	/usr/lib/system/libsystem_coreservices.dylib
0x000000000ae58000 	/usr/lib/system/libsystem_coretls.dylib
0x000000000ae58000 	/usr/lib/system/libsystem_dnssd.dylib
0x000000000ae58000 	/usr/lib/system/libsystem_info.dylib
0x000000000ae58000 	/usr/lib/system/libsystem_kernel.dylib
0x000000000ae58000 	/usr/lib/system/libsystem_m.dylib
0x000000000ae58000 	/usr/lib/system/libsystem_malloc.dylib
0x000000000ae58000 	/usr/lib/system/libsystem_network.dylib
0x000000000ae58000 	/usr/lib/system/libsystem_networkextension.dylib
0x000000000ae58000 	/usr/lib/system/libsystem_notify.dylib
0x000000000ae58000 	/usr/lib/system/libsystem_platform.dylib
0x000000000ae58000 	/usr/lib/system/libsystem_pthread.dylib
0x000000000ae58000 	/usr/lib/system/libsystem_sandbox.dylib
0x000000000ae58000 	/usr/lib/system/libsystem_secinit.dylib
0x000000000ae58000 	/usr/lib/system/libsystem_stats.dylib
0x000000000ae58000 	/usr/lib/system/libsystem_trace.dylib
0x000000000ae58000 	/usr/lib/system/libunc.dylib
0x000000000ae58000 	/usr/lib/system/libunwind.dylib
0x000000000ae58000 	/usr/lib/system/libxpc.dylib
0x000000000ae58000 	/usr/lib/libbz2.1.0.dylib
0x000000000ae58000 	/usr/lib/liblzma.5.dylib
0x000000000ae58000 	/usr/lib/libbsm.0.dylib
0x000000000ae58000 	/usr/lib/libsqlite3.dylib
0x000000000ae58000 	/usr/lib/system/libkxld.dylib
0x000000000ae58000 	/usr/lib/libxar.1.dylib
0x000000000ae58000 	/usr/lib/libpam.2.dylib
0x000000000ae58000 	/usr/lib/libOpenScriptingUtil.dylib
0x000000000ae58000 	/System/Library/Frameworks/CoreServices.framework/Versions/A/Frameworks/FSEvents.framework/Versions/A/FSEvents
0x000000000ae58000 	/System/Library/Frameworks/CoreServices.framework/Versions/A/Frameworks/CarbonCore.framework/Versions/A/CarbonCore
0x000000000ae58000 	/System/Library/Frameworks/CoreServices.framework/Versions/A/Frameworks/Metadata.framework/Versions/A/Metadata
0x000000000ae58000 	/System/Library/Frameworks/CoreServices.framework/Versions/A/Frameworks/OSServices.framework/Versions/A/OSServices
0x000000000ae58000 	/System/Library/Frameworks/CoreServices.framework/Versions/A/Frameworks/SearchKit.framework/Versions/A/SearchKit
0x000000000ae58000 	/System/Library/Frameworks/CoreServices.framework/Versions/A/Frameworks/AE.framework/Versions/A/AE
0x000000000ae58000 	/System/Library/Frameworks/CoreServices.framework/Versions/A/Frameworks/LaunchServices.framework/Versions/A/LaunchServices
0x000000000ae58000 	/System/Library/Frameworks/CoreServices.framework/Versions/A/Frameworks/DictionaryServices.framework/Versions/A/DictionaryServices
0x000000000ae58000 	/System/Library/Frameworks/NetFS.framework/Versions/A/NetFS
0x000000000ae58000 	/System/Library/PrivateFrameworks/NetAuth.framework/Versions/A/NetAuth
0x000000000ae58000 	/System/Library/PrivateFrameworks/login.framework/Versions/A/Frameworks/loginsupport.framework/Versions/A/loginsupport
0x000000000ae58000 	/System/Library/PrivateFrameworks/TCC.framework/Versions/A/TCC
0x000000000ae58000 	/usr/lib/libmecabra.dylib
0x000000000ae58000 	/System/Library/Frameworks/ApplicationServices.framework/Versions/A/Frameworks/ATS.framework/Versions/A/ATS
0x000000000ae58000 	/System/Library/Frameworks/ApplicationServices.framework/Versions/A/Frameworks/ColorSync.framework/Versions/A/ColorSync
0x000000000ae58000 	/System/Library/Frameworks/ApplicationServices.framework/Versions/A/Frameworks/HIServices.framework/Versions/A/HIServices
0x000000000ae58000 	/System/Library/Frameworks/ApplicationServices.framework/Versions/A/Frameworks/LangAnalysis.framework/Versions/A/LangAnalysis
0x000000000ae58000 	/System/Library/Frameworks/ApplicationServices.framework/Versions/A/Frameworks/PrintCore.framework/Versions/A/PrintCore
0x000000000ae58000 	/System/Library/Frameworks/ApplicationServices.framework/Versions/A/Frameworks/QD.framework/Versions/A/QD
0x000000000ae58000 	/System/Library/Frameworks/ApplicationServices.framework/Versions/A/Frameworks/SpeechSynthesis.framework/Versions/A/SpeechSynthesis
0x000000000ae58000 	/System/Library/Frameworks/Accelerate.framework/Versions/A/Accelerate
0x000000000ae58000 	/System/Library/Frameworks/Accelerate.framework/Versions/A/Frameworks/vImage.framework/Versions/A/vImage
0x000000000ae58000 	/System/Library/Frameworks/Accelerate.framework/Versions/A/Frameworks/vecLib.framework/Versions/A/vecLib
0x000000000ae58000 	/System/Library/Frameworks/Accelerate.framework/Versions/A/Frameworks/vecLib.framework/Versions/A/libvDSP.dylib
0x000000000ae58000 	/System/Library/Frameworks/Accelerate.framework/Versions/A/Frameworks/vecLib.framework/Versions/A/libvMisc.dylib
0x000000000ae58000 	/System/Library/Frameworks/Accelerate.framework/Versions/A/Frameworks/vecLib.framework/Versions/A/libLAPACK.dylib
0x000000000ae58000 	/System/Library/Frameworks/Accelerate.framework/Versions/A/Frameworks/vecLib.framework/Versions/A/libBLAS.dylib
0x000000000ae58000 	/System/Library/Frameworks/Accelerate.framework/Versions/A/Frameworks/vecLib.framework/Versions/A/libLinearAlgebra.dylib
0x000000000ae58000 	/System/Library/Frameworks/ApplicationServices.framework/Versions/A/Frameworks/ATS.framework/Versions/A/Resources/libFontParser.dylib
0x000000000ae58000 	/System/Library/Frameworks/ApplicationServices.framework/Versions/A/Frameworks/ATS.framework/Versions/A/Resources/libFontRegistry.dylib
0x000000000ae58000 	/System/Library/PrivateFrameworks/AppleVPA.framework/Versions/A/AppleVPA
0x000000000ae58000 	/System/Library/PrivateFrameworks/AppleJPEG.framework/Versions/A/AppleJPEG
0x000000000ae58000 	/System/Library/Frameworks/ImageIO.framework/Versions/A/Resources/libJPEG.dylib
0x000000000ae58000 	/System/Library/Frameworks/ImageIO.framework/Versions/A/Resources/libTIFF.dylib
0x000000000ae58000 	/System/Library/Frameworks/ImageIO.framework/Versions/A/Resources/libPng.dylib
0x000000000ae58000 	/System/Library/Frameworks/ImageIO.framework/Versions/A/Resources/libGIF.dylib
0x000000000ae58000 	/System/Library/Frameworks/ImageIO.framework/Versions/A/Resources/libJP2.dylib
0x000000000ae58000 	/System/Library/Frameworks/ImageIO.framework/Versions/A/Resources/libRadiance.dylib
0x000000000ae58000 	/System/Library/Frameworks/CoreVideo.framework/Versions/A/CoreVideo
0x000000000ae58000 	/System/Library/Frameworks/OpenGL.framework/Versions/A/Libraries/libGLU.dylib
0x000000000ae58000 	/System/Library/Frameworks/OpenGL.framework/Versions/A/Libraries/libGFXShared.dylib
0x000000000ae58000 	/System/Library/Frameworks/OpenGL.framework/Versions/A/Libraries/libGL.dylib
0x000000000ae58000 	/System/Library/Frameworks/OpenGL.framework/Versions/A/Libraries/libGLImage.dylib
0x000000000ae58000 	/System/Library/Frameworks/OpenGL.framework/Versions/A/Libraries/libCVMSPluginSupport.dylib
0x000000000ae58000 	/System/Library/Frameworks/OpenGL.framework/Versions/A/Libraries/libCoreVMClient.dylib
0x000000000ae58000 	/usr/lib/libcups.2.dylib
0x000000000ae58000 	/System/Library/Frameworks/Kerberos.framework/Versions/A/Kerberos
0x000000000ae58000 	/System/Library/Frameworks/GSS.framework/Versions/A/GSS
0x000000000ae58000 	/usr/lib/libresolv.9.dylib
0x000000000ae58000 	/usr/lib/libiconv.2.dylib
0x000000000ae58000 	/System/Library/PrivateFrameworks/Heimdal.framework/Versions/A/Heimdal
0x000000000ae58000 	/usr/lib/libheimdal-asn1.dylib
0x000000000ae58000 	/System/Library/Frameworks/OpenDirectory.framework/Versions/A/OpenDirectory
0x000000000ae58000 	/System/Library/PrivateFrameworks/CommonAuth.framework/Versions/A/CommonAuth
0x000000000ae58000 	/System/Library/Frameworks/OpenDirectory.framework/Versions/A/Frameworks/CFOpenDirectory.framework/Versions/A/CFOpenDirectory
0x000000000ae58000 	/System/Library/Frameworks/SecurityFoundation.framework/Versions/A/SecurityFoundation
0x000000000ae58000 	/System/Library/PrivateFrameworks/LanguageModeling.framework/Versions/A/LanguageModeling
0x000000000ae58000 	/usr/lib/libcmph.dylib
0x000000000ae58000 	/System/Library/Frameworks/ServiceManagement.framework/Versions/A/ServiceManagement
0x000000000ae58000 	/usr/lib/libxslt.1.dylib
0x000000000ae58000 	/System/Library/Frameworks/Carbon.framework/Versions/A/Frameworks/Ink.framework/Versions/A/Ink
0x000000000ae58000 	/System/Library/Frameworks/QuartzCore.framework/Versions/A/Frameworks/CoreImage.framework/Versions/A/CoreImage
0x000000000ae58000 	/System/Library/PrivateFrameworks/CrashReporterSupport.framework/Versions/A/CrashReporterSupport
0x000000000ae58000 	/System/Library/Frameworks/OpenCL.framework/Versions/A/OpenCL
0x000000000ae58000 	/System/Library/PrivateFrameworks/FaceCore.framework/Versions/A/FaceCore
0x000000000ae58000 	/System/Library/PrivateFrameworks/Ubiquity.framework/Versions/A/Ubiquity
0x000000000ae58000 	/System/Library/PrivateFrameworks/IconServices.framework/Versions/A/IconServices
0x000000000ae58000 	/System/Library/PrivateFrameworks/ChunkingLibrary.framework/Versions/A/ChunkingLibrary
0x000000000ae58000 	/System/Library/PrivateFrameworks/Apple80211.framework/Versions/A/Apple80211
0x000000000ae58000 	/System/Library/Frameworks/CoreWLAN.framework/Versions/A/CoreWLAN
0x000000000ae58000 	/System/Library/Frameworks/IOBluetooth.framework/Versions/A/IOBluetooth
0x000000000ae58000 	/System/Library/PrivateFrameworks/CoreWiFi.framework/Versions/A/CoreWiFi
0x000000000ae58000 	/System/Library/Frameworks/CoreBluetooth.framework/Versions/A/CoreBluetooth
0x000000000ae58000 	/System/Library/PrivateFrameworks/DebugSymbols.framework/Versions/A/DebugSymbols
0x000000000ae58000 	/System/Library/PrivateFrameworks/CoreSymbolication.framework/Versions/A/CoreSymbolication
0x000000000ae58000 	/System/Library/PrivateFrameworks/Symbolication.framework/Versions/A/Symbolication
0x000000000ae58000 	/System/Library/PrivateFrameworks/SpeechRecognitionCore.framework/Versions/A/SpeechRecognitionCore
0x0000000103745000 	/Library/Java/JavaVirtualMachines/jdk1.8.0_20.jdk/Contents/Home/jre/lib/server/libjvm.dylib
0x000000000ae58000 	/usr/lib/libstdc++.6.dylib
0x0000000104763000 	/Library/Java/JavaVirtualMachines/jdk1.8.0_20.jdk/Contents/Home/jre/lib/libverify.dylib
0x0000000104771000 	/Library/Java/JavaVirtualMachines/jdk1.8.0_20.jdk/Contents/Home/jre/lib/libjava.dylib
0x00000001047c6000 	/Library/Java/JavaVirtualMachines/jdk1.8.0_20.jdk/Contents/Home/jre/lib/libzip.dylib
0x000000011fb1f000 	/System/Library/Frameworks/JavaVM.framework/Frameworks/JavaRuntimeSupport.framework/JavaRuntimeSupport
0x000000011fb35000 	/System/Library/Frameworks/JavaVM.framework/Versions/A/Frameworks/JavaNativeFoundation.framework/Versions/A/JavaNativeFoundation
0x000000011fb49000 	/System/Library/Frameworks/JavaVM.framework/Versions/A/JavaVM
0x000000000ae58000 	/System/Library/Frameworks/Carbon.framework/Versions/A/Carbon
0x000000011fb55000 	/System/Library/PrivateFrameworks/JavaLaunching.framework/Versions/A/JavaLaunching
0x000000000ae58000 	/System/Library/Frameworks/Carbon.framework/Versions/A/Frameworks/CommonPanels.framework/Versions/A/CommonPanels
0x000000000ae58000 	/System/Library/Frameworks/Carbon.framework/Versions/A/Frameworks/Help.framework/Versions/A/Help
0x000000000ae58000 	/System/Library/Frameworks/Carbon.framework/Versions/A/Frameworks/ImageCapture.framework/Versions/A/ImageCapture
0x000000000ae58000 	/System/Library/Frameworks/Carbon.framework/Versions/A/Frameworks/OpenScripting.framework/Versions/A/OpenScripting
0x000000000ae58000 	/System/Library/Frameworks/Carbon.framework/Versions/A/Frameworks/Print.framework/Versions/A/Print
0x000000000ae58000 	/System/Library/Frameworks/Carbon.framework/Versions/A/Frameworks/SecurityHI.framework/Versions/A/SecurityHI
0x0000000121afe000 	/Library/Java/JavaVirtualMachines/jdk1.8.0_20.jdk/Contents/Home/jre/lib/libprism_es2.dylib
0x000000000ae58000 	/System/Library/Frameworks/OpenGL.framework/Versions/A/Resources/GLEngine.bundle/GLEngine
0x000000000ae58000 	/System/Library/Frameworks/OpenGL.framework/Versions/A/Libraries/libGLProgrammability.dylib
0x0000000000000000 	/System/Library/Extensions/AppleIntelHD5000GraphicsGLDriver.bundle/Contents/MacOS/AppleIntelHD5000GraphicsGLDriver
0x000000000ae58000 	/System/Library/PrivateFrameworks/IOAccelerator.framework/Versions/A/IOAccelerator
0x000000000ae58000 	/System/Library/PrivateFrameworks/GPUSupport.framework/Versions/A/Libraries/libGPUSupportMercury.dylib
0x000000000ae58000 	/System/Library/Frameworks/OpenGL.framework/Versions/A/Resources/GLRendererFloat.bundle/GLRendererFloat
0x000000000ae58000 	/System/Library/Frameworks/OpenCL.framework/Versions/A/Libraries/libcldcpuengine.dylib
0x000000000ae58000 	/System/Library/PrivateFrameworks/DiskImages.framework/Versions/A/DiskImages
0x000000000ae58000 	/System/Library/Frameworks/DiscRecording.framework/Versions/A/DiscRecording
0x000000000ae58000 	/usr/lib/libcsfde.dylib
0x000000000ae58000 	/usr/lib/libcurl.4.dylib
0x000000000ae58000 	/System/Library/PrivateFrameworks/MediaKit.framework/Versions/A/MediaKit
0x000000000ae58000 	/System/Library/PrivateFrameworks/ProtectedCloudStorage.framework/Versions/A/ProtectedCloudStorage
0x000000000ae58000 	/usr/lib/libCoreStorage.dylib
0x000000000ae58000 	/System/Library/PrivateFrameworks/EFILogin.framework/Versions/A/EFILogin
0x000000000ae58000 	/usr/lib/libutil.dylib
0x000000000ae58000 	/System/Library/PrivateFrameworks/FindMyDevice.framework/Versions/A/FindMyDevice
0x000000000ae58000 	/System/Library/Frameworks/LDAP.framework/Versions/A/LDAP
0x000000000ae58000 	/usr/lib/libsasl2.2.dylib
0x000000000ae58000 	/System/Library/PrivateFrameworks/CoreDaemon.framework/Versions/B/CoreDaemon
0x000000000ae58000 	/usr/lib/libcrypto.0.9.8.dylib
0x000000000ae58000 	/System/Library/PrivateFrameworks/AppleSRP.framework/Versions/A/AppleSRP
0x000000000ae58000 	/System/Library/PrivateFrameworks/TrustEvaluationAgent.framework/Versions/A/TrustEvaluationAgent
0x0000000121fa9000 	/Library/Java/JavaVirtualMachines/jdk1.8.0_20.jdk/Contents/Home/jre/lib/libglass.dylib
0x000000000ae58000 	/System/Library/PrivateFrameworks/CoreServicesInternal.framework/Versions/A/CoreServicesInternal
0x000000000ae58000 	/System/Library/PrivateFrameworks/CloudDocs.framework/Versions/A/CloudDocs
0x000000000ae58000 	/System/Library/PrivateFrameworks/CoreDuet.framework/Versions/A/CoreDuet
0x000000000ae58000 	/System/Library/Frameworks/CloudKit.framework/Versions/A/CloudKit
0x000000000ae58000 	/System/Library/PrivateFrameworks/ProtocolBuffer.framework/Versions/A/ProtocolBuffer
0x000000000ae58000 	/System/Library/PrivateFrameworks/CoreDuetDaemonProtocol.framework/Versions/A/CoreDuetDaemonProtocol
0x000000000ae58000 	/System/Library/PrivateFrameworks/CoreDuetDebugLogging.framework/Versions/A/CoreDuetDebugLogging
0x000000000ae58000 	/System/Library/Frameworks/CoreLocation.framework/Versions/A/CoreLocation
0x000000000ae58000 	/System/Library/Frameworks/Accounts.framework/Versions/A/Accounts
0x000000000ae58000 	/System/Library/PrivateFrameworks/ApplePushService.framework/Versions/A/ApplePushService
0x000000000ae58000 	/System/Library/PrivateFrameworks/GeoServices.framework/Versions/A/GeoServices
0x000000000ae58000 	/System/Library/PrivateFrameworks/OAuth.framework/Versions/A/OAuth
0x000000000ae58000 	/System/Library/Frameworks/CoreGraphics.framework/Versions/A/Resources/libCGCMS.A.dylib
0x000000000ae58000 	/System/Library/CoreServices/RawCamera.bundle/Contents/MacOS/RawCamera
0x000000000ae58000 	/System/Library/Frameworks/CoreGraphics.framework/Versions/A/Resources/libRIP.A.dylib
0x000000000ae58000 	/System/Library/PrivateFrameworks/FamilyControls.framework/Versions/A/FamilyControls
0x000000000ae58000 	/System/Library/PrivateFrameworks/CommerceKit.framework/Versions/A/Frameworks/CommerceCore.framework/Versions/A/CommerceCore
0x000000000ae58000 	/System/Library/PrivateFrameworks/SystemAdministration.framework/Versions/A/SystemAdministration
0x000000000ae58000 	/System/Library/PrivateFrameworks/AppContainer.framework/Versions/A/AppContainer
0x000000000ae58000 	/System/Library/PrivateFrameworks/SecCodeWrapper.framework/Versions/A/SecCodeWrapper
0x000000000ae58000 	/System/Library/Frameworks/DirectoryService.framework/Versions/A/DirectoryService
0x000000000ae58000 	/System/Library/PrivateFrameworks/LoginUIKit.framework/Versions/A/Frameworks/LoginUICore.framework/Versions/A/LoginUICore
0x000000000ae58000 	/usr/lib/libodfde.dylib
0x0000000125885000 	/Library/Java/JavaVirtualMachines/jdk1.8.0_20.jdk/Contents/Home/jre/lib/libjavafx_font.dylib
0x000000000ae58000 	/System/Library/Frameworks/CoreGraphics.framework/Versions/A/Resources/libCGXType.A.dylib
0x0000000128025000 	cl_kernels
0x00000001288b4000 	/System/Library/Frameworks/OpenCL.framework/Versions/A/Libraries/ImageFormats/unorm8_bgra.dylib
0x000000012802b000 	cl_kernels
0x000000012996c000 	/Library/Java/JavaVirtualMachines/jdk1.8.0_20.jdk/Contents/Home/jre/lib/libprism_common.dylib

VM Arguments:
jvm_args: -Dfile.encoding=UTF-8 
java_command: ui.BasicUI
java_class_path (initial): /Users/weilong/Dropbox/Notes-14-15-2/CS2103_CS2103T/2103TeamProject/bin
Launcher Type: SUN_STANDARD

Environment Variables:
PATH=/usr/bin:/bin:/usr/sbin:/sbin
SHELL=/bin/zsh
DISPLAY=/private/tmp/com.apple.launchd.4aZ8PXc7oS/org.macosforge.xquartz:0

Signal Handlers:
SIGSEGV: [libjvm.dylib+0x578fd7], sa_mask[0]=11111111011111110111111111111111, sa_flags=SA_ONSTACK|SA_RESTART|SA_SIGINFO
SIGBUS: [libjvm.dylib+0x578fd7], sa_mask[0]=11111111011111110111111111111111, sa_flags=SA_RESTART|SA_SIGINFO
SIGFPE: [libjvm.dylib+0x45ab0c], sa_mask[0]=11111111011111110111111111111111, sa_flags=SA_RESTART|SA_SIGINFO
SIGPIPE: [libjvm.dylib+0x45ab0c], sa_mask[0]=11111111011111110111111111111111, sa_flags=SA_RESTART|SA_SIGINFO
SIGXFSZ: [libjvm.dylib+0x45ab0c], sa_mask[0]=11111111011111110111111111111111, sa_flags=SA_RESTART|SA_SIGINFO
SIGILL: [libjvm.dylib+0x45ab0c], sa_mask[0]=11111111011111110111111111111111, sa_flags=SA_RESTART|SA_SIGINFO
SIGUSR1: SIG_DFL, sa_mask[0]=00000000000000000000000000000000, sa_flags=none
SIGUSR2: [libjvm.dylib+0x45a62a], sa_mask[0]=00100000000000000000000000000000, sa_flags=SA_RESTART|SA_SIGINFO
SIGHUP: [libjvm.dylib+0x458bfd], sa_mask[0]=11111111011111110111111111111111, sa_flags=SA_RESTART|SA_SIGINFO
SIGINT: [libjvm.dylib+0x458bfd], sa_mask[0]=11111111011111110111111111111111, sa_flags=SA_RESTART|SA_SIGINFO
SIGTERM: [libjvm.dylib+0x458bfd], sa_mask[0]=11111111011111110111111111111111, sa_flags=SA_RESTART|SA_SIGINFO
SIGQUIT: [libjvm.dylib+0x458bfd], sa_mask[0]=11111111011111110111111111111111, sa_flags=SA_RESTART|SA_SIGINFO


---------------  S Y S T E M  ---------------

OS:Bsduname:Darwin 14.1.0 Darwin Kernel Version 14.1.0: Mon Dec 22 23:10:38 PST 2014; root:xnu-2782.10.72~2/RELEASE_X86_64 x86_64
rlimit: STACK 8192k, CORE 0k, NPROC 709, NOFILE 10240, AS infinity
load average:0.28 0.29 0.33

CPU:total 4 (2 cores per cpu, 2 threads per core) family 6 model 69 stepping 1, cmov, cx8, fxsr, mmx, sse, sse2, sse3, ssse3, sse4.1, sse4.2, popcnt, avx, avx2, aes, clmul, erms, lzcnt, ht, tsc, tscinvbit, bmi1, bmi2

Memory: 4k page, physical 16777216k(3459244k free)

/proc/meminfo:


vm_info: Java HotSpot(TM) 64-Bit Server VM (25.20-b23) for bsd-amd64 JRE (1.8.0_20-b26), built on Jul 30 2014 13:37:47 by "java_re" with gcc 4.2.1 (Based on Apple Inc. build 5658) (LLVM build 2336.9.00)

time: Wed Mar  4 13:42:30 2015
elapsed time: 255 seconds (0d 0h 4m 15s)

